  main.cpp
C:\Users\luist\source\repos\CSC630-Socially-Responsible-Computing\HearingAid\src\main.cpp(55,17): warning C4305: 'initializing': truncation from 'double' to 'float'
C:\Users\luist\source\repos\CSC630-Socially-Responsible-Computing\HearingAid\src\main.cpp(56,19): warning C4305: 'initializing': truncation from 'double' to 'float'
C:\Users\luist\source\repos\CSC630-Socially-Responsible-Computing\HearingAid\src\main.cpp(63,16): warning C4305: 'initializing': truncation from 'double' to 'float'
C:\Users\luist\source\repos\CSC630-Socially-Responsible-Computing\HearingAid\src\main.cpp(64,16): warning C4305: 'initializing': truncation from 'double' to 'float'
C:\Users\luist\source\repos\CSC630-Socially-Responsible-Computing\HearingAid\src\main.cpp(65,17): warning C4305: 'initializing': truncation from 'double' to 'float'
C:\Users\luist\source\repos\CSC630-Socially-Responsible-Computing\HearingAid\src\main.cpp(281,56): warning C4305: 'argument': truncation from 'double' to 'GLfloat'
C:\Users\luist\source\repos\CSC630-Socially-Responsible-Computing\HearingAid\src\main.cpp(281,50): warning C4305: 'argument': truncation from 'double' to 'GLfloat'
C:\Users\luist\source\repos\CSC630-Socially-Responsible-Computing\HearingAid\src\main.cpp(281,44): warning C4305: 'argument': truncation from 'double' to 'GLfloat'
C:\Users\luist\source\repos\CSC630-Socially-Responsible-Computing\HearingAid\src\main.cpp(287,56): warning C4305: 'argument': truncation from 'double' to 'GLfloat'
C:\Users\luist\source\repos\CSC630-Socially-Responsible-Computing\HearingAid\src\main.cpp(287,50): warning C4305: 'argument': truncation from 'double' to 'GLfloat'
C:\Users\luist\source\repos\CSC630-Socially-Responsible-Computing\HearingAid\src\main.cpp(287,44): warning C4305: 'argument': truncation from 'double' to 'GLfloat'
C:\Users\luist\source\repos\CSC630-Socially-Responsible-Computing\HearingAid\src\main.cpp(293,60): warning C4305: 'argument': truncation from 'double' to 'GLfloat'
C:\Users\luist\source\repos\CSC630-Socially-Responsible-Computing\HearingAid\src\main.cpp(293,52): warning C4305: 'argument': truncation from 'double' to 'GLfloat'
C:\Users\luist\source\repos\CSC630-Socially-Responsible-Computing\HearingAid\src\main.cpp(293,44): warning C4305: 'argument': truncation from 'double' to 'GLfloat'
C:\Users\luist\source\repos\CSC630-Socially-Responsible-Computing\HearingAid\src\main.cpp(299,55): warning C4305: 'argument': truncation from 'double' to 'GLfloat'
C:\Users\luist\source\repos\CSC630-Socially-Responsible-Computing\HearingAid\src\main.cpp(299,44): warning C4305: 'argument': truncation from 'double' to 'GLfloat'
C:\Users\luist\source\repos\CSC630-Socially-Responsible-Computing\HearingAid\src\main.cpp(331,16): warning C4244: 'initializing': conversion from 'double' to 'int', possible loss of data
C:\Users\luist\source\repos\CSC630-Socially-Responsible-Computing\HearingAid\src\main.cpp(332,16): warning C4244: 'initializing': conversion from 'float' to 'int', possible loss of data
C:\Users\luist\source\repos\CSC630-Socially-Responsible-Computing\HearingAid\src\main.cpp(449,16): warning C4244: 'initializing': conversion from 'double' to 'int', possible loss of data
C:\Users\luist\source\repos\CSC630-Socially-Responsible-Computing\HearingAid\src\main.cpp(450,16): warning C4244: 'initializing': conversion from 'float' to 'int', possible loss of data
  HearingAid.vcxproj -> C:\Users\luist\Source\Repos\CSC630-Socially-Responsible-Computing\HearingAid\x64\Debug\HearingAid.exe
